<?xml version="1.0" encoding="UTF-8"?>
<testsuite xmlns:xsi="http://www.w3.org/2001/XMLSchema-instance" xsi:noNamespaceSchemaLocation="https://maven.apache.org/surefire/maven-surefire-plugin/xsd/surefire-test-report-3.0.xsd" version="3.0" name="org.apache.dubbo.AppTest" time="0.053" tests="1" errors="0" skipped="0" failures="0">
  <properties>
    <property name="sun.desktop" value="windows"/>
    <property name="awt.toolkit" value="sun.awt.windows.WToolkit"/>
    <property name="file.encoding.pkg" value="sun.io"/>
    <property name="java.specification.version" value="1.8"/>
    <property name="sun.cpu.isalist" value="amd64"/>
    <property name="sun.jnu.encoding" value="GBK"/>
    <property name="java.class.path" value="D:\open_sources\dubbo\dubbo-example\dubbo-go-java\dubbo-java\tri-stub-demo\target\test-classes;D:\open_sources\dubbo\dubbo-example\dubbo-go-java\dubbo-java\tri-stub-demo\target\classes;D:\environment\Java\apache-maven-3.9.0\repository\junit\junit\4.13\junit-4.13.jar;D:\environment\Java\apache-maven-3.9.0\repository\org\hamcrest\hamcrest-core\1.3\hamcrest-core-1.3.jar;D:\environment\Java\apache-maven-3.9.0\repository\org\apache\dubbo\dubbo\3.1.7\dubbo-3.1.7.jar;D:\environment\Java\apache-maven-3.9.0\repository\org\springframework\spring-context\5.2.20.RELEASE\spring-context-5.2.20.RELEASE.jar;D:\environment\Java\apache-maven-3.9.0\repository\org\springframework\spring-aop\5.2.20.RELEASE\spring-aop-5.2.20.RELEASE.jar;D:\environment\Java\apache-maven-3.9.0\repository\org\springframework\spring-beans\5.2.20.RELEASE\spring-beans-5.2.20.RELEASE.jar;D:\environment\Java\apache-maven-3.9.0\repository\org\springframework\spring-core\5.2.20.RELEASE\spring-core-5.2.20.RELEASE.jar;D:\environment\Java\apache-maven-3.9.0\repository\org\springframework\spring-jcl\5.2.20.RELEASE\spring-jcl-5.2.20.RELEASE.jar;D:\environment\Java\apache-maven-3.9.0\repository\org\springframework\spring-expression\5.2.20.RELEASE\spring-expression-5.2.20.RELEASE.jar;D:\environment\Java\apache-maven-3.9.0\repository\com\alibaba\spring\spring-context-support\1.0.8\spring-context-support-1.0.8.jar;D:\environment\Java\apache-maven-3.9.0\repository\org\javassist\javassist\3.28.0-GA\javassist-3.28.0-GA.jar;D:\environment\Java\apache-maven-3.9.0\repository\io\netty\netty-all\4.1.87.Final\netty-all-4.1.87.Final.jar;D:\environment\Java\apache-maven-3.9.0\repository\io\netty\netty-buffer\4.1.87.Final\netty-buffer-4.1.87.Final.jar;D:\environment\Java\apache-maven-3.9.0\repository\io\netty\netty-codec\4.1.87.Final\netty-codec-4.1.87.Final.jar;D:\environment\Java\apache-maven-3.9.0\repository\io\netty\netty-codec-dns\4.1.87.Final\netty-codec-dns-4.1.87.Final.jar;D:\environment\Java\apache-maven-3.9.0\repository\io\netty\netty-codec-haproxy\4.1.87.Final\netty-codec-haproxy-4.1.87.Final.jar;D:\environment\Java\apache-maven-3.9.0\repository\io\netty\netty-codec-http\4.1.87.Final\netty-codec-http-4.1.87.Final.jar;D:\environment\Java\apache-maven-3.9.0\repository\io\netty\netty-codec-http2\4.1.87.Final\netty-codec-http2-4.1.87.Final.jar;D:\environment\Java\apache-maven-3.9.0\repository\io\netty\netty-codec-memcache\4.1.87.Final\netty-codec-memcache-4.1.87.Final.jar;D:\environment\Java\apache-maven-3.9.0\repository\io\netty\netty-codec-mqtt\4.1.87.Final\netty-codec-mqtt-4.1.87.Final.jar;D:\environment\Java\apache-maven-3.9.0\repository\io\netty\netty-codec-redis\4.1.87.Final\netty-codec-redis-4.1.87.Final.jar;D:\environment\Java\apache-maven-3.9.0\repository\io\netty\netty-codec-smtp\4.1.87.Final\netty-codec-smtp-4.1.87.Final.jar;D:\environment\Java\apache-maven-3.9.0\repository\io\netty\netty-codec-socks\4.1.87.Final\netty-codec-socks-4.1.87.Final.jar;D:\environment\Java\apache-maven-3.9.0\repository\io\netty\netty-codec-stomp\4.1.87.Final\netty-codec-stomp-4.1.87.Final.jar;D:\environment\Java\apache-maven-3.9.0\repository\io\netty\netty-codec-xml\4.1.87.Final\netty-codec-xml-4.1.87.Final.jar;D:\environment\Java\apache-maven-3.9.0\repository\io\netty\netty-common\4.1.87.Final\netty-common-4.1.87.Final.jar;D:\environment\Java\apache-maven-3.9.0\repository\io\netty\netty-handler\4.1.87.Final\netty-handler-4.1.87.Final.jar;D:\environment\Java\apache-maven-3.9.0\repository\io\netty\netty-transport-native-unix-common\4.1.87.Final\netty-transport-native-unix-common-4.1.87.Final.jar;D:\environment\Java\apache-maven-3.9.0\repository\io\netty\netty-handler-proxy\4.1.87.Final\netty-handler-proxy-4.1.87.Final.jar;D:\environment\Java\apache-maven-3.9.0\repository\io\netty\netty-handler-ssl-ocsp\4.1.87.Final\netty-handler-ssl-ocsp-4.1.87.Final.jar;D:\environment\Java\apache-maven-3.9.0\repository\io\netty\netty-resolver\4.1.87.Final\netty-resolver-4.1.87.Final.jar;D:\environment\Java\apache-maven-3.9.0\repository\io\netty\netty-resolver-dns\4.1.87.Final\netty-resolver-dns-4.1.87.Final.jar;D:\environment\Java\apache-maven-3.9.0\repository\io\netty\netty-transport\4.1.87.Final\netty-transport-4.1.87.Final.jar;D:\environment\Java\apache-maven-3.9.0\repository\io\netty\netty-transport-rxtx\4.1.87.Final\netty-transport-rxtx-4.1.87.Final.jar;D:\environment\Java\apache-maven-3.9.0\repository\io\netty\netty-transport-sctp\4.1.87.Final\netty-transport-sctp-4.1.87.Final.jar;D:\environment\Java\apache-maven-3.9.0\repository\io\netty\netty-transport-udt\4.1.87.Final\netty-transport-udt-4.1.87.Final.jar;D:\environment\Java\apache-maven-3.9.0\repository\io\netty\netty-transport-classes-epoll\4.1.87.Final\netty-transport-classes-epoll-4.1.87.Final.jar;D:\environment\Java\apache-maven-3.9.0\repository\io\netty\netty-transport-classes-kqueue\4.1.87.Final\netty-transport-classes-kqueue-4.1.87.Final.jar;D:\environment\Java\apache-maven-3.9.0\repository\io\netty\netty-resolver-dns-classes-macos\4.1.87.Final\netty-resolver-dns-classes-macos-4.1.87.Final.jar;D:\environment\Java\apache-maven-3.9.0\repository\io\netty\netty-transport-native-epoll\4.1.87.Final\netty-transport-native-epoll-4.1.87.Final-linux-x86_64.jar;D:\environment\Java\apache-maven-3.9.0\repository\io\netty\netty-transport-native-epoll\4.1.87.Final\netty-transport-native-epoll-4.1.87.Final-linux-aarch_64.jar;D:\environment\Java\apache-maven-3.9.0\repository\io\netty\netty-transport-native-kqueue\4.1.87.Final\netty-transport-native-kqueue-4.1.87.Final-osx-x86_64.jar;D:\environment\Java\apache-maven-3.9.0\repository\io\netty\netty-transport-native-kqueue\4.1.87.Final\netty-transport-native-kqueue-4.1.87.Final-osx-aarch_64.jar;D:\environment\Java\apache-maven-3.9.0\repository\io\netty\netty-resolver-dns-native-macos\4.1.87.Final\netty-resolver-dns-native-macos-4.1.87.Final-osx-x86_64.jar;D:\environment\Java\apache-maven-3.9.0\repository\io\netty\netty-resolver-dns-native-macos\4.1.87.Final\netty-resolver-dns-native-macos-4.1.87.Final-osx-aarch_64.jar;D:\environment\Java\apache-maven-3.9.0\repository\com\google\code\gson\gson\2.8.9\gson-2.8.9.jar;D:\environment\Java\apache-maven-3.9.0\repository\org\yaml\snakeyaml\1.32\snakeyaml-1.32.jar;D:\environment\Java\apache-maven-3.9.0\repository\com\alibaba\fastjson\1.2.83\fastjson-1.2.83.jar;D:\environment\Java\apache-maven-3.9.0\repository\com\alibaba\fastjson2\fastjson2\2.0.23\fastjson2-2.0.23.jar;D:\environment\Java\apache-maven-3.9.0\repository\org\apache\curator\curator-x-discovery\5.1.0\curator-x-discovery-5.1.0.jar;D:\environment\Java\apache-maven-3.9.0\repository\org\apache\curator\curator-recipes\5.1.0\curator-recipes-5.1.0.jar;D:\environment\Java\apache-maven-3.9.0\repository\org\apache\curator\curator-framework\5.1.0\curator-framework-5.1.0.jar;D:\environment\Java\apache-maven-3.9.0\repository\org\apache\curator\curator-client\5.1.0\curator-client-5.1.0.jar;D:\environment\Java\apache-maven-3.9.0\repository\com\google\guava\guava\27.0.1-jre\guava-27.0.1-jre.jar;D:\environment\Java\apache-maven-3.9.0\repository\com\google\guava\failureaccess\1.0.1\failureaccess-1.0.1.jar;D:\environment\Java\apache-maven-3.9.0\repository\com\google\guava\listenablefuture\9999.0-empty-to-avoid-conflict-with-guava\listenablefuture-9999.0-empty-to-avoid-conflict-with-guava.jar;D:\environment\Java\apache-maven-3.9.0\repository\com\google\code\findbugs\jsr305\3.0.2\jsr305-3.0.2.jar;D:\environment\Java\apache-maven-3.9.0\repository\org\checkerframework\checker-qual\2.5.2\checker-qual-2.5.2.jar;D:\environment\Java\apache-maven-3.9.0\repository\com\google\errorprone\error_prone_annotations\2.2.0\error_prone_annotations-2.2.0.jar;D:\environment\Java\apache-maven-3.9.0\repository\com\google\j2objc\j2objc-annotations\1.1\j2objc-annotations-1.1.jar;D:\environment\Java\apache-maven-3.9.0\repository\org\codehaus\mojo\animal-sniffer-annotations\1.17\animal-sniffer-annotations-1.17.jar;D:\environment\Java\apache-maven-3.9.0\repository\com\fasterxml\jackson\core\jackson-databind\2.10.0\jackson-databind-2.10.0.jar;D:\environment\Java\apache-maven-3.9.0\repository\com\fasterxml\jackson\core\jackson-annotations\2.10.0\jackson-annotations-2.10.0.jar;D:\environment\Java\apache-maven-3.9.0\repository\com\fasterxml\jackson\core\jackson-core\2.10.0\jackson-core-2.10.0.jar;D:\environment\Java\apache-maven-3.9.0\repository\org\apache\zookeeper\zookeeper\3.7.0\zookeeper-3.7.0.jar;D:\environment\Java\apache-maven-3.9.0\repository\org\apache\zookeeper\zookeeper-jute\3.7.0\zookeeper-jute-3.7.0.jar;D:\environment\Java\apache-maven-3.9.0\repository\org\apache\yetus\audience-annotations\0.12.0\audience-annotations-0.12.0.jar;D:\environment\Java\apache-maven-3.9.0\repository\org\slf4j\slf4j-api\1.7.30\slf4j-api-1.7.30.jar;D:\environment\Java\apache-maven-3.9.0\repository\org\slf4j\slf4j-log4j12\1.7.30\slf4j-log4j12-1.7.30.jar;D:\environment\Java\apache-maven-3.9.0\repository\log4j\log4j\1.2.17\log4j-1.2.17.jar;D:\environment\Java\apache-maven-3.9.0\repository\commons-cli\commons-cli\1.4\commons-cli-1.4.jar;D:\environment\Java\apache-maven-3.9.0\repository\org\eclipse\jetty\jetty-server\9.4.38.v20210224\jetty-server-9.4.38.v20210224.jar;D:\environment\Java\apache-maven-3.9.0\repository\javax\servlet\javax.servlet-api\3.1.0\javax.servlet-api-3.1.0.jar;D:\environment\Java\apache-maven-3.9.0\repository\org\eclipse\jetty\jetty-http\9.4.38.v20210224\jetty-http-9.4.38.v20210224.jar;D:\environment\Java\apache-maven-3.9.0\repository\org\eclipse\jetty\jetty-util\9.4.38.v20210224\jetty-util-9.4.38.v20210224.jar;D:\environment\Java\apache-maven-3.9.0\repository\org\eclipse\jetty\jetty-io\9.4.38.v20210224\jetty-io-9.4.38.v20210224.jar;D:\environment\Java\apache-maven-3.9.0\repository\org\eclipse\jetty\jetty-servlet\9.4.38.v20210224\jetty-servlet-9.4.38.v20210224.jar;D:\environment\Java\apache-maven-3.9.0\repository\org\eclipse\jetty\jetty-security\9.4.38.v20210224\jetty-security-9.4.38.v20210224.jar;D:\environment\Java\apache-maven-3.9.0\repository\org\eclipse\jetty\jetty-util-ajax\9.4.38.v20210224\jetty-util-ajax-9.4.38.v20210224.jar;D:\environment\Java\apache-maven-3.9.0\repository\org\eclipse\jetty\jetty-client\9.4.38.v20210224\jetty-client-9.4.38.v20210224.jar;D:\environment\Java\apache-maven-3.9.0\repository\jline\jline\2.14.6\jline-2.14.6.jar;D:\environment\Java\apache-maven-3.9.0\repository\io\dropwizard\metrics\metrics-core\4.1.12.1\metrics-core-4.1.12.1.jar;D:\environment\Java\apache-maven-3.9.0\repository\org\xerial\snappy\snappy-java\1.1.7.7\snappy-java-1.1.7.7.jar;D:\environment\Java\apache-maven-3.9.0\repository\com\google\protobuf\protobuf-java\3.19.4\protobuf-java-3.19.4.jar;"/>
    <property name="java.vm.vendor" value="Oracle Corporation"/>
    <property name="sun.arch.data.model" value="64"/>
    <property name="user.variant" value=""/>
    <property name="java.vendor.url" value="http://java.oracle.com/"/>
    <property name="user.timezone" value="Asia/Shanghai"/>
    <property name="java.vm.specification.version" value="1.8"/>
    <property name="os.name" value="Windows 10"/>
    <property name="user.country" value="CN"/>
    <property name="sun.java.launcher" value="SUN_STANDARD"/>
    <property name="sun.boot.library.path" value="D:\environment\Java\JDK\JDK8\jre\bin"/>
    <property name="sun.java.command" value="C:\Users\Administrator\AppData\Local\Temp\surefire3100666056647578707\surefirebooter-20230929234034195_3.jar C:\Users\Administrator\AppData\Local\Temp\surefire3100666056647578707 2023-09-29T23-40-33_812-jvmRun1 surefire-20230929234034195_1tmp surefire_0-20230929234034195_2tmp"/>
    <property name="surefire.test.class.path" value="D:\open_sources\dubbo\dubbo-example\dubbo-go-java\dubbo-java\tri-stub-demo\target\test-classes;D:\open_sources\dubbo\dubbo-example\dubbo-go-java\dubbo-java\tri-stub-demo\target\classes;D:\environment\Java\apache-maven-3.9.0\repository\junit\junit\4.13\junit-4.13.jar;D:\environment\Java\apache-maven-3.9.0\repository\org\hamcrest\hamcrest-core\1.3\hamcrest-core-1.3.jar;D:\environment\Java\apache-maven-3.9.0\repository\org\apache\dubbo\dubbo\3.1.7\dubbo-3.1.7.jar;D:\environment\Java\apache-maven-3.9.0\repository\org\springframework\spring-context\5.2.20.RELEASE\spring-context-5.2.20.RELEASE.jar;D:\environment\Java\apache-maven-3.9.0\repository\org\springframework\spring-aop\5.2.20.RELEASE\spring-aop-5.2.20.RELEASE.jar;D:\environment\Java\apache-maven-3.9.0\repository\org\springframework\spring-beans\5.2.20.RELEASE\spring-beans-5.2.20.RELEASE.jar;D:\environment\Java\apache-maven-3.9.0\repository\org\springframework\spring-core\5.2.20.RELEASE\spring-core-5.2.20.RELEASE.jar;D:\environment\Java\apache-maven-3.9.0\repository\org\springframework\spring-jcl\5.2.20.RELEASE\spring-jcl-5.2.20.RELEASE.jar;D:\environment\Java\apache-maven-3.9.0\repository\org\springframework\spring-expression\5.2.20.RELEASE\spring-expression-5.2.20.RELEASE.jar;D:\environment\Java\apache-maven-3.9.0\repository\com\alibaba\spring\spring-context-support\1.0.8\spring-context-support-1.0.8.jar;D:\environment\Java\apache-maven-3.9.0\repository\org\javassist\javassist\3.28.0-GA\javassist-3.28.0-GA.jar;D:\environment\Java\apache-maven-3.9.0\repository\io\netty\netty-all\4.1.87.Final\netty-all-4.1.87.Final.jar;D:\environment\Java\apache-maven-3.9.0\repository\io\netty\netty-buffer\4.1.87.Final\netty-buffer-4.1.87.Final.jar;D:\environment\Java\apache-maven-3.9.0\repository\io\netty\netty-codec\4.1.87.Final\netty-codec-4.1.87.Final.jar;D:\environment\Java\apache-maven-3.9.0\repository\io\netty\netty-codec-dns\4.1.87.Final\netty-codec-dns-4.1.87.Final.jar;D:\environment\Java\apache-maven-3.9.0\repository\io\netty\netty-codec-haproxy\4.1.87.Final\netty-codec-haproxy-4.1.87.Final.jar;D:\environment\Java\apache-maven-3.9.0\repository\io\netty\netty-codec-http\4.1.87.Final\netty-codec-http-4.1.87.Final.jar;D:\environment\Java\apache-maven-3.9.0\repository\io\netty\netty-codec-http2\4.1.87.Final\netty-codec-http2-4.1.87.Final.jar;D:\environment\Java\apache-maven-3.9.0\repository\io\netty\netty-codec-memcache\4.1.87.Final\netty-codec-memcache-4.1.87.Final.jar;D:\environment\Java\apache-maven-3.9.0\repository\io\netty\netty-codec-mqtt\4.1.87.Final\netty-codec-mqtt-4.1.87.Final.jar;D:\environment\Java\apache-maven-3.9.0\repository\io\netty\netty-codec-redis\4.1.87.Final\netty-codec-redis-4.1.87.Final.jar;D:\environment\Java\apache-maven-3.9.0\repository\io\netty\netty-codec-smtp\4.1.87.Final\netty-codec-smtp-4.1.87.Final.jar;D:\environment\Java\apache-maven-3.9.0\repository\io\netty\netty-codec-socks\4.1.87.Final\netty-codec-socks-4.1.87.Final.jar;D:\environment\Java\apache-maven-3.9.0\repository\io\netty\netty-codec-stomp\4.1.87.Final\netty-codec-stomp-4.1.87.Final.jar;D:\environment\Java\apache-maven-3.9.0\repository\io\netty\netty-codec-xml\4.1.87.Final\netty-codec-xml-4.1.87.Final.jar;D:\environment\Java\apache-maven-3.9.0\repository\io\netty\netty-common\4.1.87.Final\netty-common-4.1.87.Final.jar;D:\environment\Java\apache-maven-3.9.0\repository\io\netty\netty-handler\4.1.87.Final\netty-handler-4.1.87.Final.jar;D:\environment\Java\apache-maven-3.9.0\repository\io\netty\netty-transport-native-unix-common\4.1.87.Final\netty-transport-native-unix-common-4.1.87.Final.jar;D:\environment\Java\apache-maven-3.9.0\repository\io\netty\netty-handler-proxy\4.1.87.Final\netty-handler-proxy-4.1.87.Final.jar;D:\environment\Java\apache-maven-3.9.0\repository\io\netty\netty-handler-ssl-ocsp\4.1.87.Final\netty-handler-ssl-ocsp-4.1.87.Final.jar;D:\environment\Java\apache-maven-3.9.0\repository\io\netty\netty-resolver\4.1.87.Final\netty-resolver-4.1.87.Final.jar;D:\environment\Java\apache-maven-3.9.0\repository\io\netty\netty-resolver-dns\4.1.87.Final\netty-resolver-dns-4.1.87.Final.jar;D:\environment\Java\apache-maven-3.9.0\repository\io\netty\netty-transport\4.1.87.Final\netty-transport-4.1.87.Final.jar;D:\environment\Java\apache-maven-3.9.0\repository\io\netty\netty-transport-rxtx\4.1.87.Final\netty-transport-rxtx-4.1.87.Final.jar;D:\environment\Java\apache-maven-3.9.0\repository\io\netty\netty-transport-sctp\4.1.87.Final\netty-transport-sctp-4.1.87.Final.jar;D:\environment\Java\apache-maven-3.9.0\repository\io\netty\netty-transport-udt\4.1.87.Final\netty-transport-udt-4.1.87.Final.jar;D:\environment\Java\apache-maven-3.9.0\repository\io\netty\netty-transport-classes-epoll\4.1.87.Final\netty-transport-classes-epoll-4.1.87.Final.jar;D:\environment\Java\apache-maven-3.9.0\repository\io\netty\netty-transport-classes-kqueue\4.1.87.Final\netty-transport-classes-kqueue-4.1.87.Final.jar;D:\environment\Java\apache-maven-3.9.0\repository\io\netty\netty-resolver-dns-classes-macos\4.1.87.Final\netty-resolver-dns-classes-macos-4.1.87.Final.jar;D:\environment\Java\apache-maven-3.9.0\repository\io\netty\netty-transport-native-epoll\4.1.87.Final\netty-transport-native-epoll-4.1.87.Final-linux-x86_64.jar;D:\environment\Java\apache-maven-3.9.0\repository\io\netty\netty-transport-native-epoll\4.1.87.Final\netty-transport-native-epoll-4.1.87.Final-linux-aarch_64.jar;D:\environment\Java\apache-maven-3.9.0\repository\io\netty\netty-transport-native-kqueue\4.1.87.Final\netty-transport-native-kqueue-4.1.87.Final-osx-x86_64.jar;D:\environment\Java\apache-maven-3.9.0\repository\io\netty\netty-transport-native-kqueue\4.1.87.Final\netty-transport-native-kqueue-4.1.87.Final-osx-aarch_64.jar;D:\environment\Java\apache-maven-3.9.0\repository\io\netty\netty-resolver-dns-native-macos\4.1.87.Final\netty-resolver-dns-native-macos-4.1.87.Final-osx-x86_64.jar;D:\environment\Java\apache-maven-3.9.0\repository\io\netty\netty-resolver-dns-native-macos\4.1.87.Final\netty-resolver-dns-native-macos-4.1.87.Final-osx-aarch_64.jar;D:\environment\Java\apache-maven-3.9.0\repository\com\google\code\gson\gson\2.8.9\gson-2.8.9.jar;D:\environment\Java\apache-maven-3.9.0\repository\org\yaml\snakeyaml\1.32\snakeyaml-1.32.jar;D:\environment\Java\apache-maven-3.9.0\repository\com\alibaba\fastjson\1.2.83\fastjson-1.2.83.jar;D:\environment\Java\apache-maven-3.9.0\repository\com\alibaba\fastjson2\fastjson2\2.0.23\fastjson2-2.0.23.jar;D:\environment\Java\apache-maven-3.9.0\repository\org\apache\curator\curator-x-discovery\5.1.0\curator-x-discovery-5.1.0.jar;D:\environment\Java\apache-maven-3.9.0\repository\org\apache\curator\curator-recipes\5.1.0\curator-recipes-5.1.0.jar;D:\environment\Java\apache-maven-3.9.0\repository\org\apache\curator\curator-framework\5.1.0\curator-framework-5.1.0.jar;D:\environment\Java\apache-maven-3.9.0\repository\org\apache\curator\curator-client\5.1.0\curator-client-5.1.0.jar;D:\environment\Java\apache-maven-3.9.0\repository\com\google\guava\guava\27.0.1-jre\guava-27.0.1-jre.jar;D:\environment\Java\apache-maven-3.9.0\repository\com\google\guava\failureaccess\1.0.1\failureaccess-1.0.1.jar;D:\environment\Java\apache-maven-3.9.0\repository\com\google\guava\listenablefuture\9999.0-empty-to-avoid-conflict-with-guava\listenablefuture-9999.0-empty-to-avoid-conflict-with-guava.jar;D:\environment\Java\apache-maven-3.9.0\repository\com\google\code\findbugs\jsr305\3.0.2\jsr305-3.0.2.jar;D:\environment\Java\apache-maven-3.9.0\repository\org\checkerframework\checker-qual\2.5.2\checker-qual-2.5.2.jar;D:\environment\Java\apache-maven-3.9.0\repository\com\google\errorprone\error_prone_annotations\2.2.0\error_prone_annotations-2.2.0.jar;D:\environment\Java\apache-maven-3.9.0\repository\com\google\j2objc\j2objc-annotations\1.1\j2objc-annotations-1.1.jar;D:\environment\Java\apache-maven-3.9.0\repository\org\codehaus\mojo\animal-sniffer-annotations\1.17\animal-sniffer-annotations-1.17.jar;D:\environment\Java\apache-maven-3.9.0\repository\com\fasterxml\jackson\core\jackson-databind\2.10.0\jackson-databind-2.10.0.jar;D:\environment\Java\apache-maven-3.9.0\repository\com\fasterxml\jackson\core\jackson-annotations\2.10.0\jackson-annotations-2.10.0.jar;D:\environment\Java\apache-maven-3.9.0\repository\com\fasterxml\jackson\core\jackson-core\2.10.0\jackson-core-2.10.0.jar;D:\environment\Java\apache-maven-3.9.0\repository\org\apache\zookeeper\zookeeper\3.7.0\zookeeper-3.7.0.jar;D:\environment\Java\apache-maven-3.9.0\repository\org\apache\zookeeper\zookeeper-jute\3.7.0\zookeeper-jute-3.7.0.jar;D:\environment\Java\apache-maven-3.9.0\repository\org\apache\yetus\audience-annotations\0.12.0\audience-annotations-0.12.0.jar;D:\environment\Java\apache-maven-3.9.0\repository\org\slf4j\slf4j-api\1.7.30\slf4j-api-1.7.30.jar;D:\environment\Java\apache-maven-3.9.0\repository\org\slf4j\slf4j-log4j12\1.7.30\slf4j-log4j12-1.7.30.jar;D:\environment\Java\apache-maven-3.9.0\repository\log4j\log4j\1.2.17\log4j-1.2.17.jar;D:\environment\Java\apache-maven-3.9.0\repository\commons-cli\commons-cli\1.4\commons-cli-1.4.jar;D:\environment\Java\apache-maven-3.9.0\repository\org\eclipse\jetty\jetty-server\9.4.38.v20210224\jetty-server-9.4.38.v20210224.jar;D:\environment\Java\apache-maven-3.9.0\repository\javax\servlet\javax.servlet-api\3.1.0\javax.servlet-api-3.1.0.jar;D:\environment\Java\apache-maven-3.9.0\repository\org\eclipse\jetty\jetty-http\9.4.38.v20210224\jetty-http-9.4.38.v20210224.jar;D:\environment\Java\apache-maven-3.9.0\repository\org\eclipse\jetty\jetty-util\9.4.38.v20210224\jetty-util-9.4.38.v20210224.jar;D:\environment\Java\apache-maven-3.9.0\repository\org\eclipse\jetty\jetty-io\9.4.38.v20210224\jetty-io-9.4.38.v20210224.jar;D:\environment\Java\apache-maven-3.9.0\repository\org\eclipse\jetty\jetty-servlet\9.4.38.v20210224\jetty-servlet-9.4.38.v20210224.jar;D:\environment\Java\apache-maven-3.9.0\repository\org\eclipse\jetty\jetty-security\9.4.38.v20210224\jetty-security-9.4.38.v20210224.jar;D:\environment\Java\apache-maven-3.9.0\repository\org\eclipse\jetty\jetty-util-ajax\9.4.38.v20210224\jetty-util-ajax-9.4.38.v20210224.jar;D:\environment\Java\apache-maven-3.9.0\repository\org\eclipse\jetty\jetty-client\9.4.38.v20210224\jetty-client-9.4.38.v20210224.jar;D:\environment\Java\apache-maven-3.9.0\repository\jline\jline\2.14.6\jline-2.14.6.jar;D:\environment\Java\apache-maven-3.9.0\repository\io\dropwizard\metrics\metrics-core\4.1.12.1\metrics-core-4.1.12.1.jar;D:\environment\Java\apache-maven-3.9.0\repository\org\xerial\snappy\snappy-java\1.1.7.7\snappy-java-1.1.7.7.jar;D:\environment\Java\apache-maven-3.9.0\repository\com\google\protobuf\protobuf-java\3.19.4\protobuf-java-3.19.4.jar;"/>
    <property name="sun.cpu.endian" value="little"/>
    <property name="user.home" value="C:\Users\Administrator"/>
    <property name="user.language" value="zh"/>
    <property name="java.specification.vendor" value="Oracle Corporation"/>
    <property name="java.home" value="D:\environment\Java\JDK\JDK8\jre"/>
    <property name="basedir" value="D:\open_sources\dubbo\dubbo-example\dubbo-go-java\dubbo-java\tri-stub-demo"/>
    <property name="file.separator" value="\"/>
    <property name="line.separator" value="&#10;"/>
    <property name="java.vm.specification.vendor" value="Oracle Corporation"/>
    <property name="java.specification.name" value="Java Platform API Specification"/>
    <property name="java.awt.graphicsenv" value="sun.awt.Win32GraphicsEnvironment"/>
    <property name="surefire.real.class.path" value="C:\Users\Administrator\AppData\Local\Temp\surefire3100666056647578707\surefirebooter-20230929234034195_3.jar"/>
    <property name="sun.boot.class.path" value="D:\environment\Java\JDK\JDK8\jre\lib\resources.jar;D:\environment\Java\JDK\JDK8\jre\lib\rt.jar;D:\environment\Java\JDK\JDK8\jre\lib\sunrsasign.jar;D:\environment\Java\JDK\JDK8\jre\lib\jsse.jar;D:\environment\Java\JDK\JDK8\jre\lib\jce.jar;D:\environment\Java\JDK\JDK8\jre\lib\charsets.jar;D:\environment\Java\JDK\JDK8\jre\lib\jfr.jar;D:\environment\Java\JDK\JDK8\jre\classes"/>
    <property name="user.script" value=""/>
    <property name="sun.management.compiler" value="HotSpot 64-Bit Tiered Compilers"/>
    <property name="java.runtime.version" value="1.8.0_131-b11"/>
    <property name="user.name" value="Administrator"/>
    <property name="path.separator" value=";"/>
    <property name="os.version" value="10.0"/>
    <property name="java.endorsed.dirs" value="D:\environment\Java\JDK\JDK8\jre\lib\endorsed"/>
    <property name="java.runtime.name" value="Java(TM) SE Runtime Environment"/>
    <property name="file.encoding" value="GBK"/>
    <property name="java.vm.name" value="Java HotSpot(TM) 64-Bit Server VM"/>
    <property name="localRepository" value="D:\environment\Java\apache-maven-3.9.0\repository"/>
    <property name="java.vendor.url.bug" value="http://bugreport.sun.com/bugreport/"/>
    <property name="java.io.tmpdir" value="C:\Users\ADMINI~1\AppData\Local\Temp\"/>
    <property name="java.version" value="1.8.0_131"/>
    <property name="user.dir" value="D:\open_sources\dubbo\dubbo-example\dubbo-go-java\dubbo-java\tri-stub-demo"/>
    <property name="os.arch" value="amd64"/>
    <property name="java.vm.specification.name" value="Java Virtual Machine Specification"/>
    <property name="java.awt.printerjob" value="sun.awt.windows.WPrinterJob"/>
    <property name="sun.os.patch.level" value=""/>
    <property name="java.library.path" value="D:\environment\Java\JDK\JDK8\jre\bin;C:\Windows\Sun\Java\bin;C:\Windows\system32;C:\Windows;C:\Program Files\Git\mingw64\bin;C:\Program Files\Git\usr\bin;C:\Users\Administrator\bin;C:\Program Files\Common Files\Oracle\Java\javapath;C:\Program Files (x86)\VMware\VMware Workstation\bin;C:\Windows\system32;C:\Windows;C:\Windows\System32\Wbem;C:\Windows\System32\WindowsPowerShell\v1.0;C:\Program Files (x86)\NetSarang\Xftp 7;C:\Program Files (x86)\NetSarang\Xshell 7;C:\Program Files\Git\cmd;C:\Program Files\Bandizip;D:\environment\Java\JDK\JDK8\bin;D:\software\cpufecth;D:\software\Vim\vim82;C:\Program Files\nodejs;D:\environment\Java\apache-maven-3.9.0\bin;C:\Program Files\MySQL\bin;D:\environment\lua\lua-5.4.6_Win64_bin;D:\environment\nginx-1.20.2;C:\MinGW\bin;C:\Program Files\Docker\Docker\resources\bin;D:\environment\protobuf\protoc-3.19.6-win64\bin;D:\environment\Golang\go-sdk\bin;C:\Users\Administrator\AppData\Local\Programs\Python\Python38\Scripts;C:\Users\Administrator\AppData\Local\Programs\Python\Python38;C:\Users\Administrator\AppData\Local\Microsoft\WindowsApps;C:\Users\Administrator\AppData\Local\Programs\Microsoft VS Code\bin;C:\Users\Administrator\AppData\Roaming\npm;C:\Users\Administrator\AppData\Local\GitHubDesktop\bin;."/>
    <property name="java.vm.info" value="mixed mode"/>
    <property name="java.vendor" value="Oracle Corporation"/>
    <property name="java.vm.version" value="25.131-b11"/>
    <property name="java.ext.dirs" value="D:\environment\Java\JDK\JDK8\jre\lib\ext;C:\Windows\Sun\Java\lib\ext"/>
    <property name="sun.io.unicode.encoding" value="UnicodeLittle"/>
    <property name="java.class.version" value="52.0"/>
  </properties>
  <testcase name="shouldAnswerWithTrue" classname="org.apache.dubbo.AppTest" time="0.003"/>
</testsuite>